Mesh (4) node= 2 partner= 1
Slot 00
Slot 01
Time=01 0000106D<
CT 0000106d<01: offset 00000013
Node time 4.23
Data=01000000000000000000<
Data=0101022201DE0000106D<
1 updated
Data=01020000000000000000<
Data=01030000000000000000<
Slot 02
Time=02 0000206E
2> 21B, 1D5
Slot 03
Slot 00
Time=01 0000506D<
CT 0000506d<01: offset 000000a2
Node time 20.61
Data=01000000000000000000<
Data=0101013C01380000506D<
1 updated
Data=0102021B01D50000206E<
Data=01030000000000000000<
Slot 02
Time=02 0000606D
2> 14F, 150
Slot 03
Slot 00
Slot 01
Time=01 0000906D<
CT 0000906d<01: offset 000000b5
Node time 36.99
Data=01000000000000000000<
Data=0101013D01390000906D<
1 updated
Data=0102014F01500000606D<
Data=01030000000000000000<
Slot 02
Time=02 0000A06E
2> 152, 151
Slot 03
Slot 00
Time=01 0000D06D<
CT 0000d06d<01: offset 00000151
Node time 53.38
Data=01000000000000000000<
Data=0101013901340000D06D<
1 updated
Data=0102015201510000A06E<
Data=01030000000000000000<
Slot 02
Time=02 0000E06D
2> 160, 15D
Slot 03
Slot 00
Slot 01
Time=01 0001106D<
CT 0001106d<01: offset 00000164
Node time 69.76
Data=01000000000000000000<
Data=0101013701330001106D<
1 updated
Data=01020160015D0000E06D<
Data=01030000000000000000<
Slot 02
Time=02 0001206E
2> 15A, 159
Slot 03
Slot 00
Time=01 0001506D<
CT 0001506d<01: offset 00000201
Node time 86.15
Data=01000000000000000000<
Data=0101013901340001506D<
1 updated
Data=0102015A01590001206E<
Data=01030000000000000000<
Slot 02
Time=02 0001606E
2> 17B, 179
Slot 03
Slot 00
Slot 01
Time=01 0001906D<
CT 0001906d<01: offset 00000213
Node time 102.53
Data=01000000000000000000<
Data=0101013801340001906D<
1 updated
Data=0102017B01790001606E<
Data=01030000000000000000<
Slot 02
Time=02 0001A06E
2> 168, 168
Slot 03
Slot 00
Time=01 0001D06D<
CT 0001d06d<01: offset 000002b1
Node time 118.91
Data=01000000000000000000<
Data=0101013601320001D06D<
1 updated
Data=0102016801680001A06E<
Data=01030000000000000000<
Slot 02
Time=02 0001E06E
2> 16E, 16C
Slot 03
Slot 00
Slot 01
Time=01 0002106D<
CT 0002106d<01: offset 000002c3
Node time 135.30
Data=01000000000000000000<
Data=0101013501310002106D<
1 updated
Data=0102016E016C0001E06E<
Data=01030000000000000000<
Slot 02
Time=02 0002206E
2> 176, 174
Slot 03
Slot 00
Time=01 0002506D<
CT 0002506d<01: offset 00000361
Node time 151.68
Data=01000000000000000000<
Data=0101013401300002506D<
1 updated
Data=0102017601740002206E<
Data=01030000000000000000<
Slot 02
Time=02 0002606E
2> 16A, 16B
Slot 03
Slot 00
Slot 01
Time=01 0002906D<
CT 0002906d<01: offset 00000373
Node time 168.07
Data=01000000000000000000<
Data=0101013501310002906D<
1 updated
Data=0102016A016B0002606E<
Data=01030000000000000000<
Slot 02
Time=02 0002A06D
2> 166, 167
Slot 03
Slot 00
Time=01 0002D06D<
CT 0002d06d<01: offset 00000411
Node time 184.45
Data=01000000000000000000<
Data=01010133012F0002D06D<
1 updated
Data=0102016601670002A06D<
Data=01030000000000000000<
Slot 02
Time=02 0002E06E
2> 16D, 16B
Slot 03
Slot 00
Slot 01
Time=01 0003106D<
CT 0003106d<01: offset 00000423
Node time 200.83
Data=01000000000000000000<
Data=01010133012F0003106D<
1 updated
Data=0102016D016B0002E06E<
Data=01030000000000000000<
Slot 02
Time=02 0003206D
2> 14E, 14D
Slot 03
Slot 00
Time=01 0003506D<
CT 0003506d<01: offset 000004c0
Node time 217.22
Data=01000000000000000000<
Data=0101013601320003506D<
1 updated
Data=0102014E014D0003206D<
Data=01030000000000000000<
Slot 02
Time=02 0003606E
2> 17D, 17B
Slot 03
Slot 00
Slot 01
Time=01 0003906D<
CT 0003906d<01: offset 000004d2
Node time 233.60
Data=01000000000000000000<
Data=0101013601320003906D<
1 updated
Data=0102017D017B0003606E<
Data=01030000000000000000<
Slot 02
Time=02 0003A06D
2> 171, 16E
Slot 03
Slot 00
Time=01 0003D06D<
CT 0003d06d<01: offset 00000570
Node time 249.99
Data=01000000000000000000<
Data=01010132012E0003D06D<
1 updated
Data=01020171016E0003A06D<
Data=01030000000000000000<
Slot 02
Time=02 0003E06D
2> 164, 164
Slot 03
Slot 00
Slot 01
Time=01 0004106D<
CT 0004106d<01: offset 00000583
Node time 266.37
Data=01000000000000000000<
Data=01010132012E0004106D<
1 updated
Data=0102016401640003E06D<
Data=01030000000000000000<
Slot 02
Time=02 0004206E
2> 161, 163
Slot 03
Slot 00
Time=01 0004506D<
CT 0004506d<01: offset 00000620
Node time 282.75
Data=01000000000000000000<
Data=01010131012E0004506D<
1 updated
Data=0102016101630004206E<
Data=01030000000000000000<
Slot 02
Time=02 0004606D
2> 16A, 16C
Slot 03
Slot 00
Slot 01
Time=01 0004906D<
CT 0004906d<01: offset 00000633
Node time 299.14
Data=01000000000000000000<
Data=01010132012E0004906D<
1 updated
Data=0102016A016C0004606D<
Data=01030000000000000000<
Slot 02
Time=02 0004A06E
2> 16A, 16B
Slot 03
Slot 00
Time=01 0004D06D<
CT 0004d06d<01: offset 000006d0
Node time 315.52
Data=01000000000000000000<
Data=0101013401300004D06D<
1 updated
Data=0102016A016B0004A06E<
Data=01030000000000000000<
Slot 02
Time=02 0004E06D
2> 171, 171
Slot 03
Slot 00
Slot 01
Time=01 0005106D<
CT 0005106d<01: offset 000006e3
Node time 331.91
Data=01000000000000000000<
Data=0101013401300005106D<
1 updated
Data=0102017101710004E06D<
Data=01030000000000000000<
Slot 02
Time=02 0005206E
2> 17A, 178
Slot 03
Slot 00
Time=01 0005506D<
CT 0005506d<01: offset 00000780
Node time 348.29
Data=01000000000000000000<
Data=0101013501310005506D<
1 updated
Data=0102017A01780005206E<
Data=01030000000000000000<
Slot 02
Time=02 0005606D
2> 17B, 179
Slot 03
Slot 00
Slot 01
Time=01 0005906D<
CT 0005906d<01: offset 00000793
Node time 364.67
Data=01000000000000000000<
Data=01010131012D0005906D<
1 updated
Data=0102017B01790005606D<
Data=01030000000000000000<
Slot 02
Time=02 0005A06E
2> 161, 163
Slot 03
Slot 00
Time=01 0005D06D<
CT 0005d06d<01: offset 00000832
Node time 381.06
Data=01000000000000000000<
Data=01010131012D0005D06D<
1 updated
Data=0102016101630005A06E<
Data=01030000000000000000<
Slot 02
Time=02 0005E06E
2> 161, 162
Slot 03
Slot 00
Slot 01
Time=01 0006106D<
CT 0006106d<01: offset 00000844
Node time 397.44
Data=01000000000000000000<
Data=0101013501310006106D<
1 updated
Data=0102016101620005E06E<
Data=01030000000000000000<
Slot 02
Time=02 0006206D
2> 174, 171
Slot 03
Slot 00
Time=01 0006506D<
CT 0006506d<01: offset 000008e2
Node time 413.83
Data=01000000000000000000<
Data=01010131012D0006506D<
1 updated
Data=0102017401710006206D<
Data=01030000000000000000<
Slot 02
Time=02 0006606E
2> 163, 164
Slot 03
Slot 00
Slot 01
Time=01 0006906D<
CT 0006906d<01: offset 000008f4
Node time 430.21
Data=01000000000000000000<
Data=0101013501310006906D<
1 updated
Data=0102016301640006606E<
Data=01030000000000000000<
Slot 02
Time=02 0006A06D
2> 17C, 17A
Slot 03
Slot 00
Time=01 0006D06D<
CT 0006d06d<01: offset 00000992
Node time 446.59
Data=01000000000000000000<
Data=0101013501310006D06D<
1 updated
Data=0102017C017A0006A06D<
Data=01030000000000000000<
Slot 02
Time=02 0006E06E
2> 179, 177
Slot 03
Slot 00
Slot 01
Time=01 0007106D<
CT 0007106d<01: offset 000009a4
Node time 462.98
Data=01000000000000000000<
Data=0101013501300007106D<
1 updated
Data=0102017901770006E06E<
Data=01030000000000000000<
Slot 02
Time=02 0007206D
2> 166, 167
Slot 03
Slot 00
Time=01 0007506D<
CT 0007506d<01: offset 00000a42
Node time 479.36
Data=01000000000000000000<
Data=01010133012F0007506D<
1 updated
Data=0102016601670007206D<
Data=01030000000000000000<
Slot 02
Time=02 0007606E
2> 177, 176
Slot 03
Slot 00
Slot 01
Time=01 0007906D<
CT 0007906d<01: offset 00000a54
Node time 495.75
Data=01000000000000000000<
Data=01010131012D0007906D<
1 updated
Data=0102017701760007606E<
Data=01030000000000000000<
Slot 02
Time=02 0007A06D
2> 16D, 16E
Slot 03
Slot 00
Time=01 0007D06D<
CT 0007d06d<01: offset 00000af2
Node time 512.13
Data=01000000000000000000<
Data=0101013401300007D06D<
1 updated
Data=0102016D016E0007A06D<
Data=01030000000000000000<
Slot 02
Time=02 0007E06D
2> 16B, 16D
Slot 03
Slot 00
Slot 01
Time=01 0008106D<
CT 0008106d<01: offset 00000b05
Node time 528.51
Data=01000000000000000000<
Data=01010131012D0008106D<
1 updated
Data=0102016B016D0007E06D<
Data=01030000000000000000<
Slot 02
Time=02 0008206E
2> 178, 177
Slot 03
Slot 00
Time=01 0008506D<
CT 0008506d<01: offset 00000ba2
Node time 544.90
Data=01000000000000000000<
Data=0101013501310008506D<
1 updated
Data=0102017801770008206E<
Data=01030000000000000000<
Slot 02
Time=02 0008606D
2> 17D, 17A
Slot 03
Slot 00
Slot 01
Time=01 0008906D<
CT 0008906d<01: offset 00000bb5
Node time 561.28
Data=01000000000000000000<
Data=01010132012F0008906D<
1 updated
Data=0102017D017A0008606D<
Data=01030000000000000000<
Slot 02
Time=02 0008A06E
2> 17B, 179
Slot 03
Slot 00
Time=01 0008D06D<
CT 0008d06d<01: offset 00000c52
Node time 577.66
Data=01000000000000000000<
Data=0101013601310008D06D<
1 updated
Data=0102017B01790008A06E<
Data=01030000000000000000<
Slot 02
Time=02 0008E06D
2> 17D, 17B
Slot 03
Slot 00
Slot 01
Time=01 0009106D<
CT 0009106d<01: offset 00000c65
Node time 594.05
Data=01000000000000000000<
Data=0101013601310009106D<
1 updated
Data=0102017D017B0008E06D<
Data=01030000000000000000<
Slot 02
Time=02 0009206E
2> 175, 172
Slot 03
Slot 00
Time=01 0009506D<
CT 0009506d<01: offset 00000d04
Node time 610.43
Data=01000000000000000000<
Data=0101013601310009506D<
1 updated
Data=0102017501720009206E<
Data=01030000000000000000<
Slot 02
Time=02 0009606E
2> 17C, 17A
Slot 03
Slot 00
Slot 01
Time=01 0009906D<
CT 0009906d<01: offset 00000d16
Node time 626.82
Data=01000000000000000000<
Data=01010131012E0009906D<
1 updated
Data=0102017C017A0009606E<
Data=01030000000000000000<
Slot 02
Time=02 0009A06E
2> 17A, 178
Slot 03
Slot 00
Time=01 0009D06D<
CT 0009d06d<01: offset 00000db4
Node time 643.20
Data=01000000000000000000<
Data=0101013501300009D06D<
1 updated
Data=0102017A01780009A06E<
Data=01030000000000000000<
Slot 02
Time=02 0009E06E
2> 16F, 16D
Slot 03
Slot 00
Slot 01
Time=01 000A106D<
CT 000a106d<01: offset 00000dc6
Node time 659.59
Data=01000000000000000000<
Data=01010132012E000A106D<
1 updated
Data=0102016F016D0009E06E<
Data=01030000000000000000<
Slot 02
Time=02 000A206D
2> 165, 165
Slot 03
Slot 00
Time=01 000A506D<
CT 000a506d<01: offset 00000e64
Node time 675.97
Data=01000000000000000000<
Data=01010132012E000A506D<
1 updated
Data=010201650165000A206D<
Data=01030000000000000000<
Slot 02
Time=02 000A606E
2> 167, 167
Slot 03
Slot 00
Slot 01
Time=01 000A906D<
CT 000a906d<01: offset 00000e76
Node time 692.35
Data=01000000000000000000<
Data=01010132012F000A906D<
1 updated
Data=010201670167000A606E<
Data=01030000000000000000<
Slot 02
Time=02 000AA06D
2> 16B, 16B
Slot 03
Slot 00
Time=01 000AD06D<
CT 000ad06d<01: offset 00000f14
Node time 708.74
Data=01000000000000000000<
Data=010101370132000AD06D<
1 updated
Data=0102016B016B000AA06D<
Data=01030000000000000000<
Slot 02
Time=02 000AE06E
2> 16E, 16C
Slot 03
Slot 00
Slot 01
Time=01 000B106D<
CT 000b106d<01: offset 00000f26
Node time 725.12
Data=01000000000000000000<
Data=010101340130000B106D<
1 updated
Data=0102016E016C000AE06E<
Data=01030000000000000000<
Slot 02
Time=02 000B206D
2> 17A, 178
Slot 03
Slot 00
Time=01 000B506D<
CT 000b506d<01: offset 00000fc5
Node time 741.51
Data=01000000000000000000<
Data=010101370132000B506D<
1 updated
Data=0102017A0178000B206D<
Data=01030000000000000000<
Slot 02
Time=02 000B606D
2> 17A, 178
Slot 03
Slot 00
Slot 01
Time=01 000B906D<
CT 000b906d<01: offset 00000fd8
Node time 757.89
Data=01000000000000000000<
Data=010101370132000B906D<
1 updated
Data=0102017A0178000B606D<
Data=01030000000000000000<
Slot 02
Time=02 000BA06E
2> 176, 174
Slot 03
Slot 00
Time=01 000BD06D<
CT 000bd06d<01: offset 00001075
Node time 774.27
Data=01000000000000000000<
Data=010101380133000BD06D<
1 updated
Data=010201760174000BA06E<
Data=01030000000000000000<
Slot 02
Time=02 000BE06D
2> 17A, 176
Slot 03
Slot 00
Slot 01
Time=01 000C106D<
CT 000c106d<01: offset 00001088
Node time 790.66
Data=01000000000000000000<
Data=010101380134000C106D<
1 updated
Data=0102017A0176000BE06D<
Data=01030000000000000000<
Slot 02
Time=02 000C206E
2> 16F, 16E
Slot 03
Slot 00
Time=01 000C506D<
CT 000c506d<01: offset 00001125
Node time 807.04
Data=01000000000000000000<
Data=010101380133000C506D<
1 updated
Data=0102016F016E000C206E<
Data=01030000000000000000<
Slot 02
Time=02 000C606D
2> 17D, 17A
Slot 03
Slot 00
Slot 01
Time=01 000C906D<
CT 000c906d<01: offset 00001138
Node time 823.42
Data=01000000000000000000<
Data=01010133012F000C906D<
1 updated
Data=0102017D017A000C606D<
Data=01030000000000000000<
Slot 02
Time=02 000CA06E
2> 179, 177
Slot 03
Slot 00
Time=01 000CD06D<
CT 000cd06d<01: offset 000011d6
Node time 839.81
Data=01000000000000000000<
Data=010101380133000CD06D<
1 updated
Data=010201790177000CA06E<
Data=01030000000000000000<
Slot 02
Time=02 000CE06E
2> 17D, 17A
Slot 03
Slot 00
Slot 01
Time=01 000D106D<
CT 000d106d<01: offset 000011e8
Node time 856.19
Data=01000000000000000000<
Data=01010133012F000D106D<
1 updated
Data=0102017D017A000CE06E<
Data=01030000000000000000<
Slot 02
Time=02 000D206E
2> 17B, 179
Slot 03
Slot 00
Time=01 000D506D<
CT 000d506d<01: offset 00001287
Node time 872.58
Data=01000000000000000000<
Data=01010133012F000D506D<
1 updated
Data=0102017B0179000D206E<
Data=01030000000000000000<
Slot 02
Time=02 000D606E
2> 172, 170
Slot 03
Slot 00
Slot 01
Time=01 000D906D<
CT 000d906d<01: offset 00001299
Node time 888.96
Data=01000000000000000000<
Data=010101360132000D906D<
1 updated
Data=010201720170000D606E<
Data=01030000000000000000<
Slot 02
Time=02 000DA06D
2> 170, 16D
Slot 03
Slot 00
Time=01 000DD06D<
CT 000dd06d<01: offset 00001337
Node time 905.34
Data=01000000000000000000<
Data=01010133012F000DD06D<
1 updated
Data=01020170016D000DA06D<
Data=01030000000000000000<
Slot 02
Time=02 000DE06E
2> 161, 162
Slot 03
Slot 00
Slot 01
Time=01 000E106D<
CT 000e106d<01: offset 00001349
Node time 921.73
Data=01000000000000000000<
Data=010101370132000E106D<
1 updated
Data=010201610162000DE06E<
Data=01030000000000000000<
Slot 02
Time=02 000E206D
2> 17D, 17B
Slot 03
Slot 00
Time=01 000E506D<
CT 000e506d<01: offset 000013e8
Node time 938.11
Data=01000000000000000000<
Data=01010133012F000E506D<
1 updated
Data=0102017D017B000E206D<
Data=01030000000000000000<
Slot 02
Time=02 000E606E
2> 168, 16A
Slot 03
Slot 00
Slot 01
Time=01 000E906D<
CT 000e906d<01: offset 000013fa
Node time 954.50
Data=01000000000000000000<
Data=01010133012F000E906D<
1 updated
Data=01020168016A000E606E<
Data=01030000000000000000<
Slot 02
Time=02 000EA06D
2> 16A, 16C
Slot 03
Slot 00
Time=01 000ED06D<
CT 000ed06d<01: offset 00001498
Node time 970.88
Data=01000000000000000000<
Data=010101370132000ED06D<
1 updated
Data=0102016A016C000EA06D<
Data=01030000000000000000<
Slot 02
Time=02 000EE06E
2> 170, 16E
Slot 03
Slot 00
Slot 01
Time=01 000F106D<
CT 000f106d<01: offset 000014aa
Node time 987.27
Data=01000000000000000000<
Data=010101330130000F106D<
1 updated
Data=01020170016E000EE06E<
Data=01030000000000000000<
Slot 02
Time=02 000F206D
2> 17C, 17A
Slot 03
Slot 00
Time=01 000F506D<
CT 000f506d<01: offset 00001549
Node time 1003.65
Data=01000000000000000000<
Data=010101340130000F506D<
1 updated
Data=0102017C017A000F206D<
Data=01030000000000000000<
Slot 02
Time=02 000F606D
2> 168, 167
Slot 03
Slot 00
Slot 01
Time=01 000F906D<
CT 000f906d<01: offset 0000155c
Node time 1020.03
Data=01000000000000000000<
Data=010101370132000F906D<
1 updated
Data=010201680167000F606D<
Data=01030000000000000000<
Slot 02
Time=02 000FA06E
2> 170, 16D
Slot 03
Slot 00
Time=01 000FD06D<
CT 000fd06d<01: offset 000015f9
Node time 1036.42
Data=01000000000000000000<
Data=01010132012E000FD06D<
1 updated
Data=01020170016D000FA06E<
Data=01030000000000000000<
Slot 02
Time=02 000FE06D
2> 165, 167
Slot 03
Slot 00
Slot 01
Time=01 0010106D<
CT 0010106d<01: offset 0000160c
Node time 1052.80
Data=01000000000000000000<
Data=0101013701320010106D<
1 updated
Data=010201650167000FE06D<
Data=01030000000000000000<
Slot 02
Time=02 0010206E
2> 176, 174
Slot 03
Slot 00
Time=01 0010506D<
CT 0010506d<01: offset 000016a9
Node time 1069.19
Data=01000000000000000000<
Data=01010132012E0010506D<
1 updated
Data=0102017601740010206E<
Data=01030000000000000000<
Slot 02
Time=02 0010606D
2> 169, 169
Slot 03
Slot 00
Slot 01
Time=01 0010906D<
CT 0010906d<01: offset 000016bc
Node time 1085.57
Data=01000000000000000000<
Data=01010133012F0010906D<
1 updated
Data=0102016901690010606D<
Data=01030000000000000000<
Slot 02
Time=02 0010A06E
2> 171, 170
Slot 03
Slot 00
Time=01 0010D06D<
CT 0010d06d<01: offset 0000175b
Node time 1101.95
Data=01000000000000000000<
Data=0101013701330010D06D<
1 updated
Data=0102017101700010A06E<
Data=01030000000000000000<
Slot 02
Time=02 0010E06E
2> 177, 175
Slot 03
Slot 00
Slot 01
Time=01 0011106D<
CT 0011106d<01: offset 0000176d
Node time 1118.34
Data=01000000000000000000<
Data=0101013501310011106D<
1 updated
Data=0102017701750010E06E<
Data=01030000000000000000<
Slot 02
Time=02 0011206E
2> 166, 166
Slot 03
Slot 00
Time=01 0011506D<
CT 0011506d<01: offset 0000180b
Node time 1134.72
Data=01000000000000000000<
Data=0101013601310011506D<
1 updated
Data=0102016601660011206E<
Data=01030000000000000000<
Slot 02
Time=02 0011606E
2> 175, 174
Slot 03
Slot 00
Slot 01
Time=01 0011906D<
CT 0011906d<01: offset 0000181d
Node time 1151.10
Data=01000000000000000000<
Data=0101013501310011906D<
1 updated
Data=0102017501740011606E<
Data=01030000000000000000<
Slot 02
Time=02 0011A06D
2> 175, 173
Slot 03
Slot 00
Time=01 0011D06D<
CT 0011d06d<01: offset 000018bc
Node time 1167.49
Data=01000000000000000000<
Data=0101013601320011D06D<
1 updated
Data=0102017501730011A06D<
Data=01030000000000000000<
Slot 02
Time=02 0011E06E
2> 176, 174
Slot 03
Slot 00
Slot 01
Time=01 0012106D<
CT 0012106d<01: offset 000018ce
Node time 1183.87
Data=01000000000000000000<
Data=01010132012F0012106D<
1 updated
Data=0102017601740011E06E<
Data=01030000000000000000<
Slot 02
Time=02 0012206D
2> 172, 172
Slot 03
Slot 00
Time=01 0012506D<
CT 0012506d<01: offset 0000196c
Node time 1200.26
Data=01000000000000000000<
Data=0101013501310012506D<
1 updated
Data=0102017201720012206D<
Data=01030000000000000000<
Slot 02
Time=02 0012606E
2> 176, 175
Slot 03
Slot 00
Slot 01
Time=01 0012906D<
CT 0012906d<01: offset 0000197e
Node time 1216.64
Data=01000000000000000000<
Data=01010132012E0012906D<
1 updated
Data=0102017601750012606E<
Data=01030000000000000000<
Slot 02
Time=02 0012A06D
2> 176, 173
Slot 03
Slot 00
Time=01 0012D06D<
CT 0012d06d<01: offset 00001a1c
Node time 1233.03
Data=01000000000000000000<
Data=0101013501310012D06D<
1 updated
Data=0102017601730012A06D<
Data=01030000000000000000<
Slot 02
Time=02 0012E06D
2> 175, 174
Slot 03
Slot 00
Slot 01
Time=01 0013106D<
CT 0013106d<01: offset 00001a2f
Node time 1249.41
Data=01000000000000000000<
Data=0101013401300013106D<
1 updated
Data=0102017501740012E06D<
Data=01030000000000000000<
Slot 02
Time=02 0013206E
2> 171, 16E
Slot 03
Slot 00
Time=01 0013506D<
CT 0013506d<01: offset 00001acd
Node time 1265.79
Data=01000000000000000000<
Data=01010131012E0013506D<
1 updated
Data=01020171016E0013206E<
Data=01030000000000000000<
